{"/home/lucas/projects/react/FSO/part4/bloglist/utils/list_helper.js": {"path":"/home/lucas/projects/react/FSO/part4/bloglist/utils/list_helper.js","statementMap":{"0":{"start":{"line":1,"column":14},"end":{"line":3,"column":1}},"1":{"start":{"line":2,"column":1},"end":{"line":2,"column":10}},"2":{"start":{"line":5,"column":19},"end":{"line":11,"column":1}},"3":{"start":{"line":6,"column":17},"end":{"line":8,"column":2}},"4":{"start":{"line":7,"column":2},"end":{"line":7,"column":26}},"5":{"start":{"line":10,"column":1},"end":{"line":10,"column":58}},"6":{"start":{"line":13,"column":21},"end":{"line":31,"column":1}},"7":{"start":{"line":14,"column":16},"end":{"line":14,"column":17}},"8":{"start":{"line":15,"column":15},"end":{"line":15,"column":19}},"9":{"start":{"line":17,"column":1},"end":{"line":22,"column":4}},"10":{"start":{"line":18,"column":2},"end":{"line":21,"column":3}},"11":{"start":{"line":19,"column":3},"end":{"line":19,"column":25}},"12":{"start":{"line":20,"column":3},"end":{"line":20,"column":18}},"13":{"start":{"line":24,"column":1},"end":{"line":30,"column":6}},"14":{"start":{"line":33,"column":18},"end":{"line":52,"column":1}},"15":{"start":{"line":34,"column":17},"end":{"line":34,"column":19}},"16":{"start":{"line":35,"column":16},"end":{"line":35,"column":17}},"17":{"start":{"line":36,"column":17},"end":{"line":36,"column":21}},"18":{"start":{"line":38,"column":1},"end":{"line":49,"column":4}},"19":{"start":{"line":39,"column":2},"end":{"line":43,"column":3}},"20":{"start":{"line":40,"column":3},"end":{"line":40,"column":29}},"21":{"start":{"line":42,"column":3},"end":{"line":42,"column":28}},"22":{"start":{"line":45,"column":2},"end":{"line":48,"column":3}},"23":{"start":{"line":46,"column":3},"end":{"line":46,"column":35}},"24":{"start":{"line":47,"column":3},"end":{"line":47,"column":27}},"25":{"start":{"line":51,"column":1},"end":{"line":51,"column":63}},"26":{"start":{"line":54,"column":18},"end":{"line":73,"column":1}},"27":{"start":{"line":55,"column":17},"end":{"line":55,"column":19}},"28":{"start":{"line":56,"column":16},"end":{"line":56,"column":17}},"29":{"start":{"line":57,"column":17},"end":{"line":57,"column":21}},"30":{"start":{"line":59,"column":1},"end":{"line":70,"column":4}},"31":{"start":{"line":60,"column":2},"end":{"line":64,"column":3}},"32":{"start":{"line":61,"column":3},"end":{"line":61,"column":38}},"33":{"start":{"line":63,"column":3},"end":{"line":63,"column":37}},"34":{"start":{"line":66,"column":2},"end":{"line":69,"column":3}},"35":{"start":{"line":67,"column":3},"end":{"line":67,"column":35}},"36":{"start":{"line":68,"column":3},"end":{"line":68,"column":27}},"37":{"start":{"line":72,"column":1},"end":{"line":72,"column":63}},"38":{"start":{"line":75,"column":0},"end":{"line":75,"column":75}}},"fnMap":{"0":{"name":"(anonymous_0)","decl":{"start":{"line":1,"column":14},"end":{"line":1,"column":15}},"loc":{"start":{"line":1,"column":25},"end":{"line":3,"column":1}},"line":1},"1":{"name":"(anonymous_1)","decl":{"start":{"line":5,"column":19},"end":{"line":5,"column":20}},"loc":{"start":{"line":5,"column":30},"end":{"line":11,"column":1}},"line":5},"2":{"name":"(anonymous_2)","decl":{"start":{"line":6,"column":17},"end":{"line":6,"column":18}},"loc":{"start":{"line":6,"column":32},"end":{"line":8,"column":2}},"line":6},"3":{"name":"(anonymous_3)","decl":{"start":{"line":13,"column":21},"end":{"line":13,"column":22}},"loc":{"start":{"line":13,"column":32},"end":{"line":31,"column":1}},"line":13},"4":{"name":"(anonymous_4)","decl":{"start":{"line":17,"column":15},"end":{"line":17,"column":16}},"loc":{"start":{"line":17,"column":25},"end":{"line":22,"column":2}},"line":17},"5":{"name":"(anonymous_5)","decl":{"start":{"line":33,"column":18},"end":{"line":33,"column":19}},"loc":{"start":{"line":33,"column":29},"end":{"line":52,"column":1}},"line":33},"6":{"name":"(anonymous_6)","decl":{"start":{"line":38,"column":15},"end":{"line":38,"column":16}},"loc":{"start":{"line":38,"column":25},"end":{"line":49,"column":2}},"line":38},"7":{"name":"(anonymous_7)","decl":{"start":{"line":54,"column":18},"end":{"line":54,"column":19}},"loc":{"start":{"line":54,"column":29},"end":{"line":73,"column":1}},"line":54},"8":{"name":"(anonymous_8)","decl":{"start":{"line":59,"column":15},"end":{"line":59,"column":16}},"loc":{"start":{"line":59,"column":25},"end":{"line":70,"column":2}},"line":59}},"branchMap":{"0":{"loc":{"start":{"line":10,"column":8},"end":{"line":10,"column":57}},"type":"cond-expr","locations":[{"start":{"line":10,"column":29},"end":{"line":10,"column":30}},{"start":{"line":10,"column":33},"end":{"line":10,"column":57}}],"line":10},"1":{"loc":{"start":{"line":18,"column":2},"end":{"line":21,"column":3}},"type":"if","locations":[{"start":{"line":18,"column":2},"end":{"line":21,"column":3}},{"start":{},"end":{}}],"line":18},"2":{"loc":{"start":{"line":24,"column":8},"end":{"line":30,"column":5}},"type":"cond-expr","locations":[{"start":{"line":25,"column":4},"end":{"line":29,"column":5}},{"start":{"line":30,"column":4},"end":{"line":30,"column":5}}],"line":24},"3":{"loc":{"start":{"line":39,"column":2},"end":{"line":43,"column":3}},"type":"if","locations":[{"start":{"line":39,"column":2},"end":{"line":43,"column":3}},{"start":{"line":41,"column":9},"end":{"line":43,"column":3}}],"line":39},"4":{"loc":{"start":{"line":45,"column":2},"end":{"line":48,"column":3}},"type":"if","locations":[{"start":{"line":45,"column":2},"end":{"line":48,"column":3}},{"start":{},"end":{}}],"line":45},"5":{"loc":{"start":{"line":51,"column":8},"end":{"line":51,"column":62}},"type":"cond-expr","locations":[{"start":{"line":51,"column":20},"end":{"line":51,"column":58}},{"start":{"line":51,"column":61},"end":{"line":51,"column":62}}],"line":51},"6":{"loc":{"start":{"line":60,"column":2},"end":{"line":64,"column":3}},"type":"if","locations":[{"start":{"line":60,"column":2},"end":{"line":64,"column":3}},{"start":{"line":62,"column":9},"end":{"line":64,"column":3}}],"line":60},"7":{"loc":{"start":{"line":66,"column":2},"end":{"line":69,"column":3}},"type":"if","locations":[{"start":{"line":66,"column":2},"end":{"line":69,"column":3}},{"start":{},"end":{}}],"line":66},"8":{"loc":{"start":{"line":72,"column":8},"end":{"line":72,"column":62}},"type":"cond-expr","locations":[{"start":{"line":72,"column":20},"end":{"line":72,"column":58}},{"start":{"line":72,"column":61},"end":{"line":72,"column":62}}],"line":72}},"s":{"0":1,"1":1,"2":1,"3":3,"4":7,"5":3,"6":1,"7":3,"8":3,"9":3,"10":7,"11":3,"12":3,"13":3,"14":1,"15":3,"16":3,"17":3,"18":3,"19":7,"20":3,"21":4,"22":7,"23":4,"24":4,"25":3,"26":1,"27":3,"28":3,"29":3,"30":3,"31":7,"32":3,"33":4,"34":7,"35":3,"36":3,"37":3,"38":1},"f":{"0":1,"1":3,"2":7,"3":3,"4":7,"5":3,"6":7,"7":3,"8":7},"b":{"0":[1,2],"1":[3,4],"2":[2,1],"3":[3,4],"4":[4,3],"5":[2,1],"6":[3,4],"7":[3,4],"8":[2,1]},"_coverageSchema":"1a1c01bbd47fc00a2c39e90264f33305004495a9","hash":"4a2cba983ef7acb81bccd8a65780b481451e5307"}
}
