TN:
SF:utils/list_helper.js
FN:1,(anonymous_0)
FN:5,(anonymous_1)
FN:6,(anonymous_2)
FN:13,(anonymous_3)
FN:17,(anonymous_4)
FN:33,(anonymous_5)
FN:38,(anonymous_6)
FN:54,(anonymous_7)
FN:59,(anonymous_8)
FNF:9
FNH:9
FNDA:1,(anonymous_0)
FNDA:3,(anonymous_1)
FNDA:7,(anonymous_2)
FNDA:3,(anonymous_3)
FNDA:7,(anonymous_4)
FNDA:3,(anonymous_5)
FNDA:7,(anonymous_6)
FNDA:3,(anonymous_7)
FNDA:7,(anonymous_8)
DA:1,1
DA:2,1
DA:5,1
DA:6,3
DA:7,7
DA:10,3
DA:13,1
DA:14,3
DA:15,3
DA:17,3
DA:18,7
DA:19,3
DA:20,3
DA:24,3
DA:33,1
DA:34,3
DA:35,3
DA:36,3
DA:38,3
DA:39,7
DA:40,3
DA:42,4
DA:45,7
DA:46,4
DA:47,4
DA:51,3
DA:54,1
DA:55,3
DA:56,3
DA:57,3
DA:59,3
DA:60,7
DA:61,3
DA:63,4
DA:66,7
DA:67,3
DA:68,3
DA:72,3
DA:75,1
LF:39
LH:39
BRDA:10,0,0,1
BRDA:10,0,1,2
BRDA:18,1,0,3
BRDA:18,1,1,4
BRDA:24,2,0,2
BRDA:24,2,1,1
BRDA:39,3,0,3
BRDA:39,3,1,4
BRDA:45,4,0,4
BRDA:45,4,1,3
BRDA:51,5,0,2
BRDA:51,5,1,1
BRDA:60,6,0,3
BRDA:60,6,1,4
BRDA:66,7,0,3
BRDA:66,7,1,4
BRDA:72,8,0,2
BRDA:72,8,1,1
BRF:18
BRH:18
end_of_record
